# JRE version: Java(TM) SE Runtime Environment (8.0_261-b12) (build 1.8.0_261-b12)
# Java VM: Java HotSpot(TM) 64-Bit Server VM (25.261-b12 mixed mode linux-amd64 compressed oops)
Heap:
 PSYoungGen      total 171520K, used 154019K [0x00000000ed000000, 0x00000000f8c00000, 0x0000000100000000)
  eden space 153600K, 97% used [0x00000000ed000000,0x00000000f61cbdd0,0x00000000f6600000)
  from space 17920K, 26% used [0x00000000f7880000,0x00000000f7d1cfa0,0x00000000f8a00000)
  to   space 18944K, 0% used [0x00000000f6600000,0x00000000f6600000,0x00000000f7880000)
 ParOldGen       total 136704K, used 67830K [0x00000000c7000000, 0x00000000cf580000, 0x00000000ed000000)
  object space 136704K, 49% used [0x00000000c7000000,0x00000000cb23dbd8,0x00000000cf580000)
 Metaspace       used 51016K, capacity 55190K, committed 55296K, reserved 1093632K
  class space    used 9030K, capacity 10151K, committed 10240K, reserved 1048576K
GC Heap History (10 events):
Event: 13.272 GC heap before
{Heap before GC invocations=15 (full 2):
 PSYoungGen      total 98816K, used 93979K [0x00000000ed000000, 0x00000000f4b80000, 0x0000000100000000)
  eden space 81920K, 100% used [0x00000000ed000000,0x00000000f2000000,0x00000000f2000000)
  from space 16896K, 71% used [0x00000000f3180000,0x00000000f3d46c08,0x00000000f4200000)
  to   space 17920K, 0% used [0x00000000f2000000,0x00000000f2000000,0x00000000f3180000)
 ParOldGen       total 68096K, used 31197K [0x00000000c7000000, 0x00000000cb280000, 0x00000000ed000000)
  object space 68096K, 45% used [0x00000000c7000000,0x00000000c8e776a8,0x00000000cb280000)
 Metaspace       used 43615K, capacity 46304K, committed 46464K, reserved 1087488K
  class space    used 7634K, capacity 8306K, committed 8320K, reserved 1048576K
Event: 13.313 GC heap after
Heap after GC invocations=15 (full 2):
 PSYoungGen      total 99840K, used 7025K [0x00000000ed000000, 0x00000000f6080000, 0x0000000100000000)
  eden space 81920K, 0% used [0x00000000ed000000,0x00000000ed000000,0x00000000f2000000)
  from space 17920K, 39% used [0x00000000f2000000,0x00000000f26dc7c8,0x00000000f3180000)
  to   space 16896K, 0% used [0x00000000f5000000,0x00000000f5000000,0x00000000f6080000)
 ParOldGen       total 68096K, used 40015K [0x00000000c7000000, 0x00000000cb280000, 0x00000000ed000000)
  object space 68096K, 58% used [0x00000000c7000000,0x00000000c9713da8,0x00000000cb280000)
 Metaspace       used 43615K, capacity 46304K, committed 46464K, reserved 1087488K
  class space    used 7634K, capacity 8306K, committed 8320K, reserved 1048576K
}
Event: 14.866 GC heap before
{Heap before GC invocations=16 (full 2):
 PSYoungGen      total 99840K, used 88945K [0x00000000ed000000, 0x00000000f6080000, 0x0000000100000000)
  eden space 81920K, 100% used [0x00000000ed000000,0x00000000f2000000,0x00000000f2000000)
  from space 17920K, 39% used [0x00000000f2000000,0x00000000f26dc7c8,0x00000000f3180000)
  to   space 16896K, 0% used [0x00000000f5000000,0x00000000f5000000,0x00000000f6080000)
 ParOldGen       total 68096K, used 40015K [0x00000000c7000000, 0x00000000cb280000, 0x00000000ed000000)
  object space 68096K, 58% used [0x00000000c7000000,0x00000000c9713da8,0x00000000cb280000)
 Metaspace       used 44697K, capacity 47434K, committed 47616K, reserved 1087488K
  class space    used 7879K, capacity 8605K, committed 8704K, reserved 1048576K
Event: 14.943 GC heap after
Heap after GC invocations=16 (full 2):
 PSYoungGen      total 130048K, used 12032K [0x00000000ed000000, 0x00000000f6080000, 0x0000000100000000)
  eden space 113152K, 0% used [0x00000000ed000000,0x00000000ed000000,0x00000000f3e80000)
  from space 16896K, 71% used [0x00000000f5000000,0x00000000f5bc0010,0x00000000f6080000)
  to   space 17408K, 0% used [0x00000000f3e80000,0x00000000f3e80000,0x00000000f4f80000)
 ParOldGen       total 68096K, used 43183K [0x00000000c7000000, 0x00000000cb280000, 0x00000000ed000000)
  object space 68096K, 63% used [0x00000000c7000000,0x00000000c9a2be08,0x00000000cb280000)
 Metaspace       used 44697K, capacity 47434K, committed 47616K, reserved 1087488K
  class space    used 7879K, capacity 8605K, committed 8704K, reserved 1048576K
}
Event: 16.667 GC heap before
{Heap before GC invocations=17 (full 2):
 PSYoungGen      total 130048K, used 125184K [0x00000000ed000000, 0x00000000f6080000, 0x0000000100000000)
  eden space 113152K, 100% used [0x00000000ed000000,0x00000000f3e80000,0x00000000f3e80000)
  from space 16896K, 71% used [0x00000000f5000000,0x00000000f5bc0010,0x00000000f6080000)
  to   space 17408K, 0% used [0x00000000f3e80000,0x00000000f3e80000,0x00000000f4f80000)
 ParOldGen       total 68096K, used 43183K [0x00000000c7000000, 0x00000000cb280000, 0x00000000ed000000)
  object space 68096K, 63% used [0x00000000c7000000,0x00000000c9a2be08,0x00000000cb280000)
 Metaspace       used 46504K, capacity 49364K, committed 49536K, reserved 1089536K
  class space    used 8311K, capacity 9056K, committed 9088K, reserved 1048576K
Event: 16.739 GC heap after
Heap after GC invocations=17 (full 2):
 PSYoungGen      total 130560K, used 11400K [0x00000000ed000000, 0x00000000f8a00000, 0x0000000100000000)
  eden space 113152K, 0% used [0x00000000ed000000,0x00000000ed000000,0x00000000f3e80000)
  from space 17408K, 65% used [0x00000000f3e80000,0x00000000f49a2398,0x00000000f4f80000)
  to   space 17920K, 0% used [0x00000000f7880000,0x00000000f7880000,0x00000000f8a00000)
 ParOldGen       total 68096K, used 54807K [0x00000000c7000000, 0x00000000cb280000, 0x00000000ed000000)
  object space 68096K, 80% used [0x00000000c7000000,0x00000000ca585cd0,0x00000000cb280000)
 Metaspace       used 46504K, capacity 49364K, committed 49536K, reserved 1089536K
  class space    used 8311K, capacity 9056K, committed 9088K, reserved 1048576K
}
Event: 18.311 GC heap before
{Heap before GC invocations=18 (full 2):
 PSYoungGen      total 130560K, used 124552K [0x00000000ed000000, 0x00000000f8a00000, 0x0000000100000000)
  eden space 113152K, 100% used [0x00000000ed000000,0x00000000f3e80000,0x00000000f3e80000)
  from space 17408K, 65% used [0x00000000f3e80000,0x00000000f49a2398,0x00000000f4f80000)
  to   space 17920K, 0% used [0x00000000f7880000,0x00000000f7880000,0x00000000f8a00000)
 ParOldGen       total 68096K, used 54807K [0x00000000c7000000, 0x00000000cb280000, 0x00000000ed000000)
  object space 68096K, 80% used [0x00000000c7000000,0x00000000ca585cd0,0x00000000cb280000)
 Metaspace       used 49116K, capacity 52342K, committed 52480K, reserved 1091584K
  class space    used 8793K, capacity 9601K, committed 9728K, reserved 1048576K
Event: 18.408 GC heap after
Heap after GC invocations=18 (full 2):
 PSYoungGen      total 171520K, used 14035K [0x00000000ed000000, 0x00000000f8c00000, 0x0000000100000000)
  eden space 153600K, 0% used [0x00000000ed000000,0x00000000ed000000,0x00000000f6600000)
  from space 17920K, 78% used [0x00000000f7880000,0x00000000f8634c18,0x00000000f8a00000)
  to   space 18944K, 0% used [0x00000000f6600000,0x00000000f6600000,0x00000000f7880000)
 ParOldGen       total 68096K, used 65254K [0x00000000c7000000, 0x00000000cb280000, 0x00000000ed000000)
  object space 68096K, 95% used [0x00000000c7000000,0x00000000cafb9b20,0x00000000cb280000)
 Metaspace       used 49116K, capacity 52342K, committed 52480K, reserved 1091584K
  class space    used 8793K, capacity 9601K, committed 9728K, reserved 1048576K
}
Event: 18.408 GC heap before
{Heap before GC invocations=19 (full 3):
 PSYoungGen      total 171520K, used 14035K [0x00000000ed000000, 0x00000000f8c00000, 0x0000000100000000)
  eden space 153600K, 0% used [0x00000000ed000000,0x00000000ed000000,0x00000000f6600000)
  from space 17920K, 78% used [0x00000000f7880000,0x00000000f8634c18,0x00000000f8a00000)
  to   space 18944K, 0% used [0x00000000f6600000,0x00000000f6600000,0x00000000f7880000)
 ParOldGen       total 68096K, used 65254K [0x00000000c7000000, 0x00000000cb280000, 0x00000000ed000000)
  object space 68096K, 95% used [0x00000000c7000000,0x00000000cafb9b20,0x00000000cb280000)
 Metaspace       used 49116K, capacity 52342K, committed 52480K, reserved 1091584K
  class space    used 8793K, capacity 9601K, committed 9728K, reserved 1048576K
Event: 19.015 GC heap after
Heap after GC invocations=19 (full 3):
 PSYoungGen      total 171520K, used 4723K [0x00000000ed000000, 0x00000000f8c00000, 0x0000000100000000)
  eden space 153600K, 0% used [0x00000000ed000000,0x00000000ed000000,0x00000000f6600000)
  from space 17920K, 26% used [0x00000000f7880000,0x00000000f7d1cfa0,0x00000000f8a00000)
  to   space 18944K, 0% used [0x00000000f6600000,0x00000000f6600000,0x00000000f7880000)
 ParOldGen       total 136704K, used 67830K [0x00000000c7000000, 0x00000000cf580000, 0x00000000ed000000)
  object space 136704K, 49% used [0x00000000c7000000,0x00000000cb23dbd8,0x00000000cf580000)
 Metaspace       used 49116K, capacity 52342K, committed 52480K, reserved 1091584K
  class space    used 8793K, capacity 9601K, committed 9728K, reserved 1048576K
}

