# JRE version: Java(TM) SE Runtime Environment (8.0_261-b12) (build 1.8.0_261-b12)
# Java VM: Java HotSpot(TM) 64-Bit Server VM (25.261-b12 mixed mode linux-amd64 compressed oops)
Heap:
 PSYoungGen      total 133632K, used 124224K [0x00000000ed000000, 0x00000000f7700000, 0x0000000100000000)
  eden space 114688K, 100% used [0x00000000ed000000,0x00000000f4000000,0x00000000f4000000)
  from space 18944K, 50% used [0x00000000f4000000,0x00000000f4950030,0x00000000f5280000)
  to   space 18432K, 39% used [0x00000000f6500000,0x00000000f6c20030,0x00000000f7700000)
 ParOldGen       total 141824K, used 75051K [0x00000000c7000000, 0x00000000cfa80000, 0x00000000ed000000)
  object space 141824K, 52% used [0x00000000c7000000,0x00000000cb94af38,0x00000000cfa80000)
 Metaspace       used 51830K, capacity 56010K, committed 56280K, reserved 1095680K
  class space    used 9110K, capacity 10199K, committed 10240K, reserved 1048576K
GC Heap History (10 events):
Event: 16.772 GC heap after
Heap after GC invocations=20 (full 2):
 PSYoungGen      total 114176K, used 17572K [0x00000000ed000000, 0x00000000f5700000, 0x0000000100000000)
  eden space 95744K, 0% used [0x00000000ed000000,0x00000000ed000000,0x00000000f2d80000)
  from space 18432K, 95% used [0x00000000f4180000,0x00000000f52a9110,0x00000000f5380000)
  to   space 20480K, 0% used [0x00000000f2d80000,0x00000000f2d80000,0x00000000f4180000)
 ParOldGen       total 71168K, used 48754K [0x00000000c7000000, 0x00000000cb580000, 0x00000000ed000000)
  object space 71168K, 68% used [0x00000000c7000000,0x00000000c9f9ca78,0x00000000cb580000)
 Metaspace       used 45498K, capacity 48334K, committed 48600K, reserved 1089536K
  class space    used 8200K, capacity 8917K, committed 8960K, reserved 1048576K
}
Event: 19.024 GC heap before
{Heap before GC invocations=21 (full 2):
 PSYoungGen      total 114176K, used 113316K [0x00000000ed000000, 0x00000000f5700000, 0x0000000100000000)
  eden space 95744K, 100% used [0x00000000ed000000,0x00000000f2d80000,0x00000000f2d80000)
  from space 18432K, 95% used [0x00000000f4180000,0x00000000f52a9110,0x00000000f5380000)
  to   space 20480K, 0% used [0x00000000f2d80000,0x00000000f2d80000,0x00000000f4180000)
 ParOldGen       total 71168K, used 48754K [0x00000000c7000000, 0x00000000cb580000, 0x00000000ed000000)
  object space 71168K, 68% used [0x00000000c7000000,0x00000000c9f9ca78,0x00000000cb580000)
 Metaspace       used 47397K, capacity 50416K, committed 50648K, reserved 1091584K
  class space    used 8589K, capacity 9345K, committed 9472K, reserved 1048576K
Event: 19.102 GC heap after
Heap after GC invocations=21 (full 2):
 PSYoungGen      total 116224K, used 9888K [0x00000000ed000000, 0x00000000f6800000, 0x0000000100000000)
  eden space 95744K, 0% used [0x00000000ed000000,0x00000000ed000000,0x00000000f2d80000)
  from space 20480K, 48% used [0x00000000f2d80000,0x00000000f3728010,0x00000000f4180000)
  to   space 19456K, 0% used [0x00000000f5500000,0x00000000f5500000,0x00000000f6800000)
 ParOldGen       total 71168K, used 64740K [0x00000000c7000000, 0x00000000cb580000, 0x00000000ed000000)
  object space 71168K, 90% used [0x00000000c7000000,0x00000000caf39250,0x00000000cb580000)
 Metaspace       used 47397K, capacity 50416K, committed 50648K, reserved 1091584K
  class space    used 8589K, capacity 9345K, committed 9472K, reserved 1048576K
}
Event: 19.102 GC heap before
{Heap before GC invocations=22 (full 3):
 PSYoungGen      total 116224K, used 9888K [0x00000000ed000000, 0x00000000f6800000, 0x0000000100000000)
  eden space 95744K, 0% used [0x00000000ed000000,0x00000000ed000000,0x00000000f2d80000)
  from space 20480K, 48% used [0x00000000f2d80000,0x00000000f3728010,0x00000000f4180000)
  to   space 19456K, 0% used [0x00000000f5500000,0x00000000f5500000,0x00000000f6800000)
 ParOldGen       total 71168K, used 64740K [0x00000000c7000000, 0x00000000cb580000, 0x00000000ed000000)
  object space 71168K, 90% used [0x00000000c7000000,0x00000000caf39250,0x00000000cb580000)
 Metaspace       used 47397K, capacity 50416K, committed 50648K, reserved 1091584K
  class space    used 8589K, capacity 9345K, committed 9472K, reserved 1048576K
Event: 19.944 GC heap after
Heap after GC invocations=22 (full 3):
 PSYoungGen      total 116224K, used 0K [0x00000000ed000000, 0x00000000f6800000, 0x0000000100000000)
  eden space 95744K, 0% used [0x00000000ed000000,0x00000000ed000000,0x00000000f2d80000)
  from space 20480K, 0% used [0x00000000f2d80000,0x00000000f2d80000,0x00000000f4180000)
  to   space 19456K, 0% used [0x00000000f5500000,0x00000000f5500000,0x00000000f6800000)
 ParOldGen       total 141824K, used 65522K [0x00000000c7000000, 0x00000000cfa80000, 0x00000000ed000000)
  object space 141824K, 46% used [0x00000000c7000000,0x00000000caffc928,0x00000000cfa80000)
 Metaspace       used 47397K, capacity 50416K, committed 50648K, reserved 1091584K
  class space    used 8589K, capacity 9345K, committed 9472K, reserved 1048576K
}
Event: 22.035 GC heap before
{Heap before GC invocations=23 (full 3):
 PSYoungGen      total 116224K, used 95744K [0x00000000ed000000, 0x00000000f6800000, 0x0000000100000000)
  eden space 95744K, 100% used [0x00000000ed000000,0x00000000f2d80000,0x00000000f2d80000)
  from space 20480K, 0% used [0x00000000f2d80000,0x00000000f2d80000,0x00000000f4180000)
  to   space 19456K, 0% used [0x00000000f5500000,0x00000000f5500000,0x00000000f6800000)
 ParOldGen       total 141824K, used 65522K [0x00000000c7000000, 0x00000000cfa80000, 0x00000000ed000000)
  object space 141824K, 46% used [0x00000000c7000000,0x00000000caffc928,0x00000000cfa80000)
 Metaspace       used 49103K, capacity 52484K, committed 52696K, reserved 1091584K
  class space    used 8800K, capacity 9676K, committed 9728K, reserved 1048576K
Event: 22.066 GC heap after
Heap after GC invocations=23 (full 3):
 PSYoungGen      total 131072K, used 10802K [0x00000000ed000000, 0x00000000f6500000, 0x0000000100000000)
  eden space 114688K, 0% used [0x00000000ed000000,0x00000000ed000000,0x00000000f4000000)
  from space 16384K, 65% used [0x00000000f5500000,0x00000000f5f8c9f0,0x00000000f6500000)
  to   space 18944K, 0% used [0x00000000f4000000,0x00000000f4000000,0x00000000f5280000)
 ParOldGen       total 141824K, used 65535K [0x00000000c7000000, 0x00000000cfa80000, 0x00000000ed000000)
  object space 141824K, 46% used [0x00000000c7000000,0x00000000cafffe58,0x00000000cfa80000)
 Metaspace       used 49103K, capacity 52484K, committed 52696K, reserved 1091584K
  class space    used 8800K, capacity 9676K, committed 9728K, reserved 1048576K
}
Event: 39.067 GC heap before
{Heap before GC invocations=24 (full 3):
 PSYoungGen      total 131072K, used 125490K [0x00000000ed000000, 0x00000000f6500000, 0x0000000100000000)
  eden space 114688K, 100% used [0x00000000ed000000,0x00000000f4000000,0x00000000f4000000)
  from space 16384K, 65% used [0x00000000f5500000,0x00000000f5f8c9f0,0x00000000f6500000)
  to   space 18944K, 0% used [0x00000000f4000000,0x00000000f4000000,0x00000000f5280000)
 ParOldGen       total 141824K, used 65535K [0x00000000c7000000, 0x00000000cfa80000, 0x00000000ed000000)
  object space 141824K, 46% used [0x00000000c7000000,0x00000000cafffe58,0x00000000cfa80000)
 Metaspace       used 50930K, capacity 54980K, committed 55128K, reserved 1093632K
  class space    used 9025K, capacity 10085K, committed 10112K, reserved 1048576K
Event: 39.125 GC heap after
Heap after GC invocations=24 (full 3):
 PSYoungGen      total 133632K, used 9536K [0x00000000ed000000, 0x00000000f7700000, 0x0000000100000000)
  eden space 114688K, 0% used [0x00000000ed000000,0x00000000ed000000,0x00000000f4000000)
  from space 18944K, 50% used [0x00000000f4000000,0x00000000f4950030,0x00000000f5280000)
  to   space 18432K, 0% used [0x00000000f6500000,0x00000000f6500000,0x00000000f7700000)
 ParOldGen       total 141824K, used 75051K [0x00000000c7000000, 0x00000000cfa80000, 0x00000000ed000000)
  object space 141824K, 52% used [0x00000000c7000000,0x00000000cb94af38,0x00000000cfa80000)
 Metaspace       used 50930K, capacity 54980K, committed 55128K, reserved 1093632K
  class space    used 9025K, capacity 10085K, committed 10112K, reserved 1048576K
}
Event: 47.196 GC heap before
{Heap before GC invocations=25 (full 3):
 PSYoungGen      total 133632K, used 124224K [0x00000000ed000000, 0x00000000f7700000, 0x0000000100000000)
  eden space 114688K, 100% used [0x00000000ed000000,0x00000000f4000000,0x00000000f4000000)
  from space 18944K, 50% used [0x00000000f4000000,0x00000000f4950030,0x00000000f5280000)
  to   space 18432K, 0% used [0x00000000f6500000,0x00000000f6500000,0x00000000f7700000)
 ParOldGen       total 141824K, used 75051K [0x00000000c7000000, 0x00000000cfa80000, 0x00000000ed000000)
  object space 141824K, 52% used [0x00000000c7000000,0x00000000cb94af38,0x00000000cfa80000)
 Metaspace       used 51830K, capacity 56010K, committed 56280K, reserved 1095680K
  class space    used 9110K, capacity 10199K, committed 10240K, reserved 1048576K

